=== Game Started at 2025-09-18 01:01:25 ===
OS: Microsoft Windows NT 10.0.19045.0
Runtime: 9.0.6
Working Directory: C:\Users\santi\repos\rubens-psx-engine\rubens-psx-engine
Command Line: C:\Users\santi\repos\rubens-psx-engine\rubens-psx-engine\bin\game\net9.0-windows7.0\win-x64\derelict.dll
========================================
[2025-09-18 01:01:25.576] [INFO    ] Program: Starting application

[2025-09-18 01:01:25.680] [INFO    ] ScreenManager: Starting initialization

[2025-09-18 01:01:25.681] [INFO    ] === SYSTEM INFORMATION ===

[2025-09-18 01:01:25.681] [INFO    ] OS Version: Microsoft Windows NT 10.0.19045.0

[2025-09-18 01:01:25.685] [INFO    ] Is 64-bit OS: True

[2025-09-18 01:01:25.686] [INFO    ] Is 64-bit Process: True

[2025-09-18 01:01:25.686] [INFO    ] Processor Count: 8

[2025-09-18 01:01:25.686] [INFO    ] CLR Version: 9.0.6

[2025-09-18 01:01:25.687] [INFO    ] Working Directory: C:\Users\santi\repos\rubens-psx-engine\rubens-psx-engine

[2025-09-18 01:01:25.687] [INFO    ] Machine Name: DESKTOP-2GCKC3F

[2025-09-18 01:01:25.689] [INFO    ] User Name: santi

[2025-09-18 01:01:25.716] [INFO    ] Graphics Adapters Count: 2

[2025-09-18 01:01:25.716] [INFO    ]   Adapter 0: NVIDIA GeForce RTX 3070

[2025-09-18 01:01:25.717] [INFO    ]     Device Name: \\.\DISPLAY1

[2025-09-18 01:01:25.717] [INFO    ]   Adapter 1: NVIDIA GeForce RTX 3070

[2025-09-18 01:01:25.717] [INFO    ]     Device Name: \\.\DISPLAY2

[2025-09-18 01:01:25.718] [INFO    ] =============================

[2025-09-18 01:01:25.718] [INFO    ] ScreenManager: Creating GraphicsDeviceManager

[2025-09-18 01:01:25.719] [INFO    ] ScreenManager: Creating SettingsManager

[2025-09-18 01:01:25.860] [INFO    ] ScreenManager: Settings loaded - Resolution: 1920x1080, Fullscreen: True

[2025-09-18 01:01:25.860] [INFO    ] ScreenManager: Configuring graphics settings

[2025-09-18 01:01:25.861] [INFO    ] ScreenManager: Running on Windows platform

[2025-09-18 01:01:25.861] [INFO    ] ScreenManager: Graphics buffer set to 1920x1080

[2025-09-18 01:01:25.870] [INFO    ] ScreenManager: Sound volume set to 1

[2025-09-18 01:01:25.870] [INFO    ] ScreenManager: Loading game configuration

[2025-09-18 01:01:26.044] [INFO    ] ScreenManager: Window title set to 'DERELICT'

[2025-09-18 01:01:26.045] [INFO    ] ScreenManager: Creating SoundManager

[2025-09-18 01:01:26.144] [INFO    ] ScreenManager: Content root directory set to 'Content/Assets'

[2025-09-18 01:01:26.145] [INFO    ] ScreenManager: Initialization completed successfully

[2025-09-18 01:01:26.145] [INFO    ] Program: ScreenManager created, starting game loop

[2025-09-18 01:01:26.637] [INFO    ] ScreenManager: Starting LoadContent

[2025-09-18 01:01:26.638] [INFO    ] ScreenManager: GraphicsDevice - GraphicsDevice

[2025-09-18 01:01:26.638] [INFO    ] ScreenManager: Creating SpriteBatch

[2025-09-18 01:01:26.658] [INFO    ] ScreenManager: Loading white texture

[2025-09-18 01:01:26.694] [INFO    ] ScreenManager: White texture loaded successfully

[2025-09-18 01:01:26.695] [INFO    ] ScreenManager: Initializing RetroRenderer

[2025-09-18 01:01:26.706] [INFO    ] ScreenManager: RetroRenderer initialized successfully

[2025-09-18 01:01:26.707] [INFO    ] ScreenManager: Initializing ScreenshotManager

[2025-09-18 01:01:26.707] [INFO    ] ScreenManager: ScreenshotManager initialized successfully

[2025-09-18 01:01:26.707] [INFO    ] ScreenManager: Adding LoadScreen

[2025-09-18 01:01:26.708] [INFO    ] ScreenManager: LoadContent completed successfully

[2025-09-18 01:01:38.011] [INFO    ] Program: Game loop ended normally

[2025-09-18 01:01:38.097] [INFO    ] Program: Application shut down successfully

=== Game Started at 2025-09-18 01:04:22 ===
OS: Microsoft Windows NT 10.0.19045.0
Runtime: 9.0.6
Working Directory: C:\Users\santi\repos\rubens-psx-engine\rubens-psx-engine
Command Line: C:\Users\santi\repos\rubens-psx-engine\rubens-psx-engine\bin\game\net9.0-windows7.0\win-x64\derelict.dll
========================================
[2025-09-18 01:04:22.654] [INFO    ] Program: Starting application

[2025-09-18 01:04:22.768] [INFO    ] ScreenManager: Starting initialization

[2025-09-18 01:04:22.770] [INFO    ] === SYSTEM INFORMATION ===

[2025-09-18 01:04:22.770] [INFO    ] OS Version: Microsoft Windows NT 10.0.19045.0

[2025-09-18 01:04:22.770] [INFO    ] Is 64-bit OS: True

[2025-09-18 01:04:22.771] [INFO    ] Is 64-bit Process: True

[2025-09-18 01:04:22.771] [INFO    ] Processor Count: 8

[2025-09-18 01:04:22.771] [INFO    ] CLR Version: 9.0.6

[2025-09-18 01:04:22.772] [INFO    ] Working Directory: C:\Users\santi\repos\rubens-psx-engine\rubens-psx-engine

[2025-09-18 01:04:22.772] [INFO    ] Machine Name: DESKTOP-2GCKC3F

[2025-09-18 01:04:22.774] [INFO    ] User Name: santi

[2025-09-18 01:04:22.808] [INFO    ] Graphics Adapters Count: 2

[2025-09-18 01:04:22.809] [INFO    ]   Adapter 0: NVIDIA GeForce RTX 3070

[2025-09-18 01:04:22.809] [INFO    ]     Device Name: \\.\DISPLAY1

[2025-09-18 01:04:22.810] [INFO    ]   Adapter 1: NVIDIA GeForce RTX 3070

[2025-09-18 01:04:22.810] [INFO    ]     Device Name: \\.\DISPLAY2

[2025-09-18 01:04:22.810] [INFO    ] =============================

[2025-09-18 01:04:22.810] [INFO    ] ScreenManager: Creating GraphicsDeviceManager

[2025-09-18 01:04:22.813] [INFO    ] ScreenManager: Creating SettingsManager

[2025-09-18 01:04:22.979] [INFO    ] ScreenManager: Settings loaded - Resolution: 1920x1080, Fullscreen: True

[2025-09-18 01:04:22.980] [INFO    ] ScreenManager: Configuring graphics settings

[2025-09-18 01:04:22.980] [INFO    ] ScreenManager: Running on Windows platform

[2025-09-18 01:04:22.980] [INFO    ] ScreenManager: Graphics buffer set to 1920x1080

[2025-09-18 01:04:22.989] [INFO    ] ScreenManager: Sound volume set to 1

[2025-09-18 01:04:22.990] [INFO    ] ScreenManager: Loading game configuration

[2025-09-18 01:04:23.179] [INFO    ] ScreenManager: Window title set to 'DERELICT'

[2025-09-18 01:04:23.179] [INFO    ] ScreenManager: Creating SoundManager

[2025-09-18 01:04:23.258] [INFO    ] ScreenManager: Content root directory set to 'Content/Assets'

[2025-09-18 01:04:23.259] [INFO    ] ScreenManager: Initialization completed successfully

[2025-09-18 01:04:23.259] [INFO    ] Program: ScreenManager created, starting game loop

[2025-09-18 01:04:23.696] [INFO    ] ScreenManager: Starting LoadContent

[2025-09-18 01:04:23.697] [INFO    ] ScreenManager: GraphicsDevice - GraphicsDevice

[2025-09-18 01:04:23.697] [INFO    ] ScreenManager: Creating SpriteBatch

[2025-09-18 01:04:23.716] [INFO    ] ScreenManager: Loading white texture

[2025-09-18 01:04:23.748] [INFO    ] ScreenManager: White texture loaded successfully

[2025-09-18 01:04:23.749] [INFO    ] ScreenManager: Initializing RetroRenderer

[2025-09-18 01:04:23.760] [INFO    ] ScreenManager: RetroRenderer initialized successfully

[2025-09-18 01:04:23.760] [INFO    ] ScreenManager: Initializing ScreenshotManager

[2025-09-18 01:04:23.761] [INFO    ] ScreenManager: ScreenshotManager initialized successfully

[2025-09-18 01:04:23.761] [INFO    ] ScreenManager: Adding LoadScreen

[2025-09-18 01:04:23.761] [INFO    ] ScreenManager: LoadContent completed successfully

[2025-09-18 01:04:29.882] [INFO    ] Program: Game loop ended normally

[2025-09-18 01:04:29.925] [INFO    ] Program: Application shut down successfully

=== Game Started at 2025-09-18 01:23:30 ===
OS: Microsoft Windows NT 10.0.19045.0
Runtime: 9.0.6
Working Directory: C:\Users\santi\repos\rubens-psx-engine\rubens-psx-engine
Command Line: C:\Users\santi\repos\rubens-psx-engine\rubens-psx-engine\bin\game\net9.0-windows7.0\win-x64\derelict.dll
========================================
[2025-09-18 01:23:30.526] [INFO    ] Program: Starting application

[2025-09-18 01:23:30.635] [INFO    ] ScreenManager: Starting initialization

[2025-09-18 01:23:30.636] [INFO    ] === SYSTEM INFORMATION ===

[2025-09-18 01:23:30.636] [INFO    ] OS Version: Microsoft Windows NT 10.0.19045.0

[2025-09-18 01:23:30.636] [INFO    ] Is 64-bit OS: True

[2025-09-18 01:23:30.636] [INFO    ] Is 64-bit Process: True

[2025-09-18 01:23:30.637] [INFO    ] Processor Count: 8

[2025-09-18 01:23:30.637] [INFO    ] CLR Version: 9.0.6

[2025-09-18 01:23:30.637] [INFO    ] Working Directory: C:\Users\santi\repos\rubens-psx-engine\rubens-psx-engine

[2025-09-18 01:23:30.638] [INFO    ] Machine Name: DESKTOP-2GCKC3F

[2025-09-18 01:23:30.640] [INFO    ] User Name: santi

[2025-09-18 01:23:30.667] [INFO    ] Graphics Adapters Count: 2

[2025-09-18 01:23:30.668] [INFO    ]   Adapter 0: NVIDIA GeForce RTX 3070

[2025-09-18 01:23:30.668] [INFO    ]     Device Name: \\.\DISPLAY1

[2025-09-18 01:23:30.668] [INFO    ]   Adapter 1: NVIDIA GeForce RTX 3070

[2025-09-18 01:23:30.669] [INFO    ]     Device Name: \\.\DISPLAY2

[2025-09-18 01:23:30.669] [INFO    ] =============================

[2025-09-18 01:23:30.669] [INFO    ] ScreenManager: Creating GraphicsDeviceManager

[2025-09-18 01:23:30.670] [INFO    ] ScreenManager: Creating SettingsManager

[2025-09-18 01:23:30.801] [INFO    ] ScreenManager: Settings loaded - Resolution: 1920x1080, Fullscreen: True

[2025-09-18 01:23:30.802] [INFO    ] ScreenManager: Configuring graphics settings

[2025-09-18 01:23:30.802] [INFO    ] ScreenManager: Running on Windows platform

[2025-09-18 01:23:30.802] [INFO    ] ScreenManager: Graphics buffer set to 1920x1080

[2025-09-18 01:23:30.809] [INFO    ] ScreenManager: Sound volume set to 1

[2025-09-18 01:23:30.810] [INFO    ] ScreenManager: Loading game configuration

[2025-09-18 01:23:30.954] [INFO    ] ScreenManager: Window title set to 'DERELICT'

[2025-09-18 01:23:30.955] [INFO    ] ScreenManager: Creating SoundManager

[2025-09-18 01:23:31.020] [INFO    ] ScreenManager: Content root directory set to 'Content/Assets'

[2025-09-18 01:23:31.020] [INFO    ] ScreenManager: Initialization completed successfully

[2025-09-18 01:23:31.020] [INFO    ] Program: ScreenManager created, starting game loop

[2025-09-18 01:23:31.412] [INFO    ] ScreenManager: Starting LoadContent

[2025-09-18 01:23:31.412] [INFO    ] ScreenManager: GraphicsDevice - GraphicsDevice

[2025-09-18 01:23:31.413] [INFO    ] ScreenManager: Creating SpriteBatch

[2025-09-18 01:23:31.430] [INFO    ] ScreenManager: Loading white texture

[2025-09-18 01:23:31.460] [INFO    ] ScreenManager: White texture loaded successfully

[2025-09-18 01:23:31.460] [INFO    ] ScreenManager: Initializing RetroRenderer

[2025-09-18 01:23:31.470] [INFO    ] ScreenManager: RetroRenderer initialized successfully

[2025-09-18 01:23:31.470] [INFO    ] ScreenManager: Initializing ScreenshotManager

[2025-09-18 01:23:31.470] [INFO    ] ScreenManager: ScreenshotManager initialized successfully

[2025-09-18 01:23:31.471] [INFO    ] ScreenManager: Adding LoadScreen

[2025-09-18 01:23:31.471] [INFO    ] ScreenManager: LoadContent completed successfully

[2025-09-18 01:23:44.501] [INFO    ] Program: Game loop ended normally

[2025-09-18 01:23:44.541] [INFO    ] Program: Application shut down successfully

=== Game Started at 2025-09-18 01:25:32 ===
OS: Microsoft Windows NT 10.0.19045.0
Runtime: 9.0.6
Working Directory: C:\Users\santi\repos\rubens-psx-engine\rubens-psx-engine
Command Line: C:\Users\santi\repos\rubens-psx-engine\rubens-psx-engine\bin\game\net9.0-windows7.0\win-x64\derelict.dll
========================================
[2025-09-18 01:25:32.441] [INFO    ] Program: Starting application

[2025-09-18 01:25:32.546] [INFO    ] ScreenManager: Starting initialization

[2025-09-18 01:25:32.547] [INFO    ] === SYSTEM INFORMATION ===

[2025-09-18 01:25:32.547] [INFO    ] OS Version: Microsoft Windows NT 10.0.19045.0

[2025-09-18 01:25:32.547] [INFO    ] Is 64-bit OS: True

[2025-09-18 01:25:32.547] [INFO    ] Is 64-bit Process: True

[2025-09-18 01:25:32.548] [INFO    ] Processor Count: 8

[2025-09-18 01:25:32.548] [INFO    ] CLR Version: 9.0.6

[2025-09-18 01:25:32.549] [INFO    ] Working Directory: C:\Users\santi\repos\rubens-psx-engine\rubens-psx-engine

[2025-09-18 01:25:32.549] [INFO    ] Machine Name: DESKTOP-2GCKC3F

[2025-09-18 01:25:32.551] [INFO    ] User Name: santi

[2025-09-18 01:25:32.578] [INFO    ] Graphics Adapters Count: 2

[2025-09-18 01:25:32.579] [INFO    ]   Adapter 0: NVIDIA GeForce RTX 3070

[2025-09-18 01:25:32.579] [INFO    ]     Device Name: \\.\DISPLAY1

[2025-09-18 01:25:32.579] [INFO    ]   Adapter 1: NVIDIA GeForce RTX 3070

[2025-09-18 01:25:32.580] [INFO    ]     Device Name: \\.\DISPLAY2

[2025-09-18 01:25:32.580] [INFO    ] =============================

[2025-09-18 01:25:32.580] [INFO    ] ScreenManager: Creating GraphicsDeviceManager

[2025-09-18 01:25:32.582] [INFO    ] ScreenManager: Creating SettingsManager

[2025-09-18 01:25:32.730] [INFO    ] ScreenManager: Settings loaded - Resolution: 1920x1080, Fullscreen: True

[2025-09-18 01:25:32.730] [INFO    ] ScreenManager: Configuring graphics settings

[2025-09-18 01:25:32.730] [INFO    ] ScreenManager: Running on Windows platform

[2025-09-18 01:25:32.731] [INFO    ] ScreenManager: Graphics buffer set to 1920x1080

[2025-09-18 01:25:32.739] [INFO    ] ScreenManager: Sound volume set to 1

[2025-09-18 01:25:32.740] [INFO    ] ScreenManager: Loading game configuration

[2025-09-18 01:25:32.908] [INFO    ] ScreenManager: Window title set to 'DERELICT'

[2025-09-18 01:25:32.908] [INFO    ] ScreenManager: Creating SoundManager

[2025-09-18 01:25:32.977] [INFO    ] ScreenManager: Content root directory set to 'Content/Assets'

[2025-09-18 01:25:32.978] [INFO    ] ScreenManager: Initialization completed successfully

[2025-09-18 01:25:32.978] [INFO    ] Program: ScreenManager created, starting game loop

[2025-09-18 01:25:33.414] [INFO    ] ScreenManager: Starting LoadContent

[2025-09-18 01:25:33.414] [INFO    ] ScreenManager: GraphicsDevice - GraphicsDevice

[2025-09-18 01:25:33.414] [INFO    ] ScreenManager: Creating SpriteBatch

[2025-09-18 01:25:33.432] [INFO    ] ScreenManager: Loading white texture

[2025-09-18 01:25:33.463] [INFO    ] ScreenManager: White texture loaded successfully

[2025-09-18 01:25:33.464] [INFO    ] ScreenManager: Initializing RetroRenderer

[2025-09-18 01:25:33.475] [INFO    ] ScreenManager: RetroRenderer initialized successfully

[2025-09-18 01:25:33.475] [INFO    ] ScreenManager: Initializing ScreenshotManager

[2025-09-18 01:25:33.476] [INFO    ] ScreenManager: ScreenshotManager initialized successfully

[2025-09-18 01:25:33.476] [INFO    ] ScreenManager: Adding LoadScreen

[2025-09-18 01:25:33.477] [INFO    ] ScreenManager: LoadContent completed successfully

[2025-09-18 01:25:47.220] [INFO    ] Program: Game loop ended normally

[2025-09-18 01:25:47.262] [INFO    ] Program: Application shut down successfully

